0 info it worked if it ends with ok
1 verbose cli [ '/usr/bin/node', '/usr/bin/npm', 'run', 'start-dev' ]
2 info using npm@3.10.10
3 info using node@v6.11.2
4 verbose run-script [ 'prestart-dev', 'start-dev', 'poststart-dev' ]
5 info lifecycle r-loader@0.0.1~prestart-dev: r-loader@0.0.1
6 silly lifecycle r-loader@0.0.1~prestart-dev: no script for prestart-dev, continuing
7 info lifecycle r-loader@0.0.1~start-dev: r-loader@0.0.1
8 verbose lifecycle r-loader@0.0.1~start-dev: unsafe-perm in lifecycle true
9 verbose lifecycle r-loader@0.0.1~start-dev: PATH: /usr/lib/node_modules/npm/bin/node-gyp-bin:/home/bruno/Desarrollo/proyectos_utal/r-loader/node_modules/.bin:/home/bruno/Escritorio/TreeTagger/bin:/home/bruno/Escritorio/TreeTagger/cmd:/home/bruno/anaconda3/bin:/usr/java/jdk1.8.0_121/bin:/home/bruno/Escritorio/TreeTagger/bin:/home/bruno/Escritorio/TreeTagger/cmd:/home/bruno/anaconda3/bin:/usr/java/jdk1.8.0_121/bin:/usr/lib64/ccache:/usr/local/bin:/usr/local/sbin:/usr/bin:/usr/sbin:/opt/android-studio/bin:/home/bruno/Android/Sdk/tools:/home/bruno/.local/bin:/home/bruno/bin:/opt/android-studio/bin:/home/bruno/Android/Sdk/tools
10 verbose lifecycle r-loader@0.0.1~start-dev: CWD: /home/bruno/Desarrollo/proyectos_utal/r-loader
11 silly lifecycle r-loader@0.0.1~start-dev: Args: [ '-c', 'DEBUG=rscripts:server nodemon ./bin/www' ]
12 silly lifecycle r-loader@0.0.1~start-dev: Returned: code: 1  signal: null
13 info lifecycle r-loader@0.0.1~start-dev: Failed to exec start-dev script
14 verbose stack Error: r-loader@0.0.1 start-dev: `DEBUG=rscripts:server nodemon ./bin/www`
14 verbose stack Exit status 1
14 verbose stack     at EventEmitter.<anonymous> (/usr/lib/node_modules/npm/lib/utils/lifecycle.js:255:16)
14 verbose stack     at emitTwo (events.js:106:13)
14 verbose stack     at EventEmitter.emit (events.js:191:7)
14 verbose stack     at ChildProcess.<anonymous> (/usr/lib/node_modules/npm/lib/utils/spawn.js:40:14)
14 verbose stack     at emitTwo (events.js:106:13)
14 verbose stack     at ChildProcess.emit (events.js:191:7)
14 verbose stack     at maybeClose (internal/child_process.js:891:16)
14 verbose stack     at Process.ChildProcess._handle.onexit (internal/child_process.js:226:5)
15 verbose pkgid r-loader@0.0.1
16 verbose cwd /home/bruno/Desarrollo/proyectos_utal/r-loader
17 error Linux 4.11.12-200.fc25.x86_64
18 error argv "/usr/bin/node" "/usr/bin/npm" "run" "start-dev"
19 error node v6.11.2
20 error npm  v3.10.10
21 error code ELIFECYCLE
22 error r-loader@0.0.1 start-dev: `DEBUG=rscripts:server nodemon ./bin/www`
22 error Exit status 1
23 error Failed at the r-loader@0.0.1 start-dev script 'DEBUG=rscripts:server nodemon ./bin/www'.
23 error Make sure you have the latest version of node.js and npm installed.
23 error If you do, this is most likely a problem with the r-loader package,
23 error not with npm itself.
23 error Tell the author that this fails on your system:
23 error     DEBUG=rscripts:server nodemon ./bin/www
23 error You can get information on how to open an issue for this project with:
23 error     npm bugs r-loader
23 error Or if that isn't available, you can get their info via:
23 error     npm owner ls r-loader
23 error There is likely additional logging output above.
24 verbose exit [ 1, true ]
